  AbstractHTTPRequestHandler.cpp
  DatagramSocket.cpp
  DatagramSocketImpl.cpp
  DialogSocket.cpp
  DNS.cpp
  FilePartSource.cpp
  FTPClientSession.cpp
  FTPStreamFactory.cpp
  HostEntry.cpp
  HTMLForm.cpp
  HTTPAuthenticationParams.cpp
  HTTPBasicCredentials.cpp
  HTTPBufferAllocator.cpp
  HTTPChunkedStream.cpp
  HTTPClientSession.cpp
  HTTPCookie.cpp
  HTTPCredentials.cpp
  HTTPDigestCredentials.cpp
  HTTPFixedLengthStream.cpp
  HTTPHeaderStream.cpp
  HTTPIOStream.cpp
  HTTPMessage.cpp
  HTTPNTLMCredentials.cpp
  HTTPRequest.cpp
  HTTPRequestHandler.cpp
  HTTPRequestHandlerFactory.cpp
  HTTPResponse.cpp
  HTTPServer.cpp
  HTTPServerConnection.cpp
  HTTPServerConnectionFactory.cpp
  HTTPServerParams.cpp
  HTTPServerRequest.cpp
  HTTPServerRequestImpl.cpp
  HTTPServerResponse.cpp
  HTTPServerResponseImpl.cpp
  HTTPServerSession.cpp
  HTTPSession.cpp
  HTTPSessionFactory.cpp
  HTTPSessionInstantiator.cpp
  HTTPStream.cpp
  HTTPStreamFactory.cpp
  ICMPClient.cpp
  ICMPEventArgs.cpp
  ICMPPacket.cpp
  ICMPPacketImpl.cpp
  ICMPSocket.cpp
  ICMPSocketImpl.cpp
  ICMPv4PacketImpl.cpp
  IPAddress.cpp
  IPAddressImpl.cpp
  MailMessage.cpp
  MailRecipient.cpp
  MailStream.cpp
  MediaType.cpp
  MessageHeader.cpp
  MulticastSocket.cpp
  MultipartReader.cpp
  MultipartWriter.cpp
  NameValueCollection.cpp
  Net.cpp
  NetException.cpp
  NetworkInterface.cpp
  NTLMCredentials.cpp
  NTPClient.cpp
  NTPEventArgs.cpp
  NTPPacket.cpp
  NullPartHandler.cpp
  OAuth10Credentials.cpp
  OAuth20Credentials.cpp
  PartHandler.cpp
  PartSource.cpp
  PartStore.cpp
  PollSet.cpp
  POP3ClientSession.cpp
  QuotedPrintableDecoder.cpp
  QuotedPrintableEncoder.cpp
  RawSocket.cpp
  RawSocketImpl.cpp
  RemoteSyslogChannel.cpp
  RemoteSyslogListener.cpp
  ServerSocket.cpp
  ServerSocketImpl.cpp
  SMTPChannel.cpp
  SMTPClientSession.cpp
  Socket.cpp
  SocketAddress.cpp
  SocketAddressImpl.cpp
  SocketImpl.cpp
  SocketNotification.cpp
  SocketNotifier.cpp
  SocketProactor.cpp
  SocketReactor.cpp
  SocketStream.cpp
  SSPINTLMCredentials.cpp
  StreamSocket.cpp
  StreamSocketImpl.cpp
  StringPartSource.cpp
  TCPServer.cpp
  TCPServerConnection.cpp
  TCPServerConnectionFactory.cpp
  TCPServerDispatcher.cpp
  TCPServerParams.cpp
  UDPClient.cpp
  UDPServerParams.cpp
  WebSocket.cpp
  WebSocketImpl.cpp
  wepoll.c
  Net_vs170.vcxproj -> D:\TUSUR_ASPER\POCO_NET_TEST\POCO\lib64\PocoNetmtd.lib
