d:\tusur_asper\poco_net_test\poco\lib64\poconetmtd.pdb
d:\tusur_asper\poco_net_test\poco\net\obj64\net\debug_static_mt\wepoll.obj
d:\tusur_asper\poco_net_test\poco\net\obj64\net\debug_static_mt\datagramsocket.obj
d:\tusur_asper\poco_net_test\poco\net\obj64\net\debug_static_mt\httpfixedlengthstream.obj
d:\tusur_asper\poco_net_test\poco\net\obj64\net\debug_static_mt\httpserverresponseimpl.obj
d:\tusur_asper\poco_net_test\poco\net\obj64\net\debug_static_mt\mailstream.obj
d:\tusur_asper\poco_net_test\poco\net\obj64\net\debug_static_mt\nullparthandler.obj
d:\tusur_asper\poco_net_test\poco\net\obj64\net\debug_static_mt\remotesysloglistener.obj
d:\tusur_asper\poco_net_test\poco\net\obj64\net\debug_static_mt\stringpartsource.obj
d:\tusur_asper\poco_net_test\poco\net\obj64\net\debug_static_mt\httpbufferallocator.obj
d:\tusur_asper\poco_net_test\poco\net\obj64\net\debug_static_mt\httpcredentials.obj
d:\tusur_asper\poco_net_test\poco\net\obj64\net\debug_static_mt\httpsessionfactory.obj
d:\tusur_asper\poco_net_test\poco\net\obj64\net\debug_static_mt\namevaluecollection.obj
d:\tusur_asper\poco_net_test\poco\net\obj64\net\debug_static_mt\quotedprintableencoder.obj
d:\tusur_asper\poco_net_test\poco\net\obj64\net\debug_static_mt\socketnotification.obj
d:\tusur_asper\poco_net_test\poco\net\obj64\net\debug_static_mt\websocket.obj
d:\tusur_asper\poco_net_test\poco\net\obj64\net\debug_static_mt\datagramsocketimpl.obj
d:\tusur_asper\poco_net_test\poco\net\obj64\net\debug_static_mt\httprequesthandlerfactory.obj
d:\tusur_asper\poco_net_test\poco\net\obj64\net\debug_static_mt\httpstream.obj
d:\tusur_asper\poco_net_test\poco\net\obj64\net\debug_static_mt\multicastsocket.obj
d:\tusur_asper\poco_net_test\poco\net\obj64\net\debug_static_mt\pop3clientsession.obj
d:\tusur_asper\poco_net_test\poco\net\obj64\net\debug_static_mt\socketreactor.obj
d:\tusur_asper\poco_net_test\poco\net\obj64\net\debug_static_mt\dns.obj
d:\tusur_asper\poco_net_test\poco\net\obj64\net\debug_static_mt\httpntlmcredentials.obj
d:\tusur_asper\poco_net_test\poco\net\obj64\net\debug_static_mt\httpsession.obj
d:\tusur_asper\poco_net_test\poco\net\obj64\net\debug_static_mt\mailmessage.obj
d:\tusur_asper\poco_net_test\poco\net\obj64\net\debug_static_mt\parthandler.obj
d:\tusur_asper\poco_net_test\poco\net\obj64\net\debug_static_mt\smtpclientsession.obj
d:\tusur_asper\poco_net_test\poco\net\obj64\net\debug_static_mt\udpserverparams.obj
d:\tusur_asper\poco_net_test\poco\net\obj64\net\debug_static_mt\abstracthttprequesthandler.obj
d:\tusur_asper\poco_net_test\poco\net\obj64\net\debug_static_mt\httpheaderstream.obj
d:\tusur_asper\poco_net_test\poco\net\obj64\net\debug_static_mt\httpsessioninstantiator.obj
d:\tusur_asper\poco_net_test\poco\net\obj64\net\debug_static_mt\mediatype.obj
d:\tusur_asper\poco_net_test\poco\net\obj64\net\debug_static_mt\oauth20credentials.obj
d:\tusur_asper\poco_net_test\poco\net\obj64\net\debug_static_mt\smtpchannel.obj
d:\tusur_asper\poco_net_test\poco\net\obj64\net\debug_static_mt\tcpserverparams.obj
d:\tusur_asper\poco_net_test\poco\net\obj64\net\debug_static_mt\ftpstreamfactory.obj
d:\tusur_asper\poco_net_test\poco\net\obj64\net\debug_static_mt\httpserverparams.obj
d:\tusur_asper\poco_net_test\poco\net\obj64\net\debug_static_mt\icmppacketimpl.obj
d:\tusur_asper\poco_net_test\poco\net\obj64\net\debug_static_mt\networkinterface.obj
d:\tusur_asper\poco_net_test\poco\net\obj64\net\debug_static_mt\socketaddressimpl.obj
d:\tusur_asper\poco_net_test\poco\net\obj64\net\debug_static_mt\tcpserverdispatcher.obj
d:\tusur_asper\poco_net_test\poco\net\obj64\net\debug_static_mt\filepartsource.obj
d:\tusur_asper\poco_net_test\poco\net\obj64\net\debug_static_mt\httpresponse.obj
d:\tusur_asper\poco_net_test\poco\net\obj64\net\debug_static_mt\icmppacket.obj
d:\tusur_asper\poco_net_test\poco\net\obj64\net\debug_static_mt\netexception.obj
d:\tusur_asper\poco_net_test\poco\net\obj64\net\debug_static_mt\quotedprintabledecoder.obj
d:\tusur_asper\poco_net_test\poco\net\obj64\net\debug_static_mt\socketnotifier.obj
d:\tusur_asper\poco_net_test\poco\net\obj64\net\debug_static_mt\websocketimpl.obj
d:\tusur_asper\poco_net_test\poco\net\obj64\net\debug_static_mt\htmlform.obj
d:\tusur_asper\poco_net_test\poco\net\obj64\net\debug_static_mt\httpmessage.obj
d:\tusur_asper\poco_net_test\poco\net\obj64\net\debug_static_mt\httpserverresponse.obj
d:\tusur_asper\poco_net_test\poco\net\obj64\net\debug_static_mt\ipaddress.obj
d:\tusur_asper\poco_net_test\poco\net\obj64\net\debug_static_mt\ntpclient.obj
d:\tusur_asper\poco_net_test\poco\net\obj64\net\debug_static_mt\remotesyslogchannel.obj
d:\tusur_asper\poco_net_test\poco\net\obj64\net\debug_static_mt\streamsocketimpl.obj
d:\tusur_asper\poco_net_test\poco\net\obj64\net\debug_static_mt\hostentry.obj
d:\tusur_asper\poco_net_test\poco\net\obj64\net\debug_static_mt\httpserver.obj
d:\tusur_asper\poco_net_test\poco\net\obj64\net\debug_static_mt\httpstreamfactory.obj
d:\tusur_asper\poco_net_test\poco\net\obj64\net\debug_static_mt\multipartwriter.obj
d:\tusur_asper\poco_net_test\poco\net\obj64\net\debug_static_mt\partstore.obj
d:\tusur_asper\poco_net_test\poco\net\obj64\net\debug_static_mt\socketimpl.obj
d:\tusur_asper\poco_net_test\poco\net\obj64\net\debug_static_mt\udpclient.obj
d:\tusur_asper\poco_net_test\poco\net\obj64\net\debug_static_mt\httpcookie.obj
d:\tusur_asper\poco_net_test\poco\net\obj64\net\debug_static_mt\httprequesthandler.obj
d:\tusur_asper\poco_net_test\poco\net\obj64\net\debug_static_mt\httpserverrequestimpl.obj
d:\tusur_asper\poco_net_test\poco\net\obj64\net\debug_static_mt\ipaddressimpl.obj
d:\tusur_asper\poco_net_test\poco\net\obj64\net\debug_static_mt\oauth10credentials.obj
d:\tusur_asper\poco_net_test\poco\net\obj64\net\debug_static_mt\socketaddress.obj
d:\tusur_asper\poco_net_test\poco\net\obj64\net\debug_static_mt\tcpserverconnection.obj
d:\tusur_asper\poco_net_test\poco\net\obj64\net\debug_static_mt\httpclientsession.obj
d:\tusur_asper\poco_net_test\poco\net\obj64\net\debug_static_mt\httpserverrequest.obj
d:\tusur_asper\poco_net_test\poco\net\obj64\net\debug_static_mt\icmpsocket.obj
d:\tusur_asper\poco_net_test\poco\net\obj64\net\debug_static_mt\net.obj
d:\tusur_asper\poco_net_test\poco\net\obj64\net\debug_static_mt\rawsocket.obj
d:\tusur_asper\poco_net_test\poco\net\obj64\net\debug_static_mt\socketstream.obj
d:\tusur_asper\poco_net_test\poco\net\obj64\net\debug_static_mt\ftpclientsession.obj
d:\tusur_asper\poco_net_test\poco\net\obj64\net\debug_static_mt\httpserverconnection.obj
d:\tusur_asper\poco_net_test\poco\net\obj64\net\debug_static_mt\icmpv4packetimpl.obj
d:\tusur_asper\poco_net_test\poco\net\obj64\net\debug_static_mt\ntppacket.obj
d:\tusur_asper\poco_net_test\poco\net\obj64\net\debug_static_mt\serversocketimpl.obj
d:\tusur_asper\poco_net_test\poco\net\obj64\net\debug_static_mt\tcpserver.obj
d:\tusur_asper\poco_net_test\poco\net\obj64\net\debug_static_mt\dialogsocket.obj
d:\tusur_asper\poco_net_test\poco\net\obj64\net\debug_static_mt\httprequest.obj
d:\tusur_asper\poco_net_test\poco\net\obj64\net\debug_static_mt\httpserversession.obj
d:\tusur_asper\poco_net_test\poco\net\obj64\net\debug_static_mt\mailrecipient.obj
d:\tusur_asper\poco_net_test\poco\net\obj64\net\debug_static_mt\ntpeventargs.obj
d:\tusur_asper\poco_net_test\poco\net\obj64\net\debug_static_mt\serversocket.obj
d:\tusur_asper\poco_net_test\poco\net\obj64\net\debug_static_mt\streamsocket.obj
d:\tusur_asper\poco_net_test\poco\net\obj64\net\debug_static_mt\httpbasiccredentials.obj
d:\tusur_asper\poco_net_test\poco\net\obj64\net\debug_static_mt\httpdigestcredentials.obj
d:\tusur_asper\poco_net_test\poco\net\obj64\net\debug_static_mt\icmpeventargs.obj
d:\tusur_asper\poco_net_test\poco\net\obj64\net\debug_static_mt\multipartreader.obj
d:\tusur_asper\poco_net_test\poco\net\obj64\net\debug_static_mt\pollset.obj
d:\tusur_asper\poco_net_test\poco\net\obj64\net\debug_static_mt\socketproactor.obj
d:\tusur_asper\poco_net_test\poco\net\obj64\net\debug_static_mt\httpchunkedstream.obj
d:\tusur_asper\poco_net_test\poco\net\obj64\net\debug_static_mt\httpserverconnectionfactory.obj
d:\tusur_asper\poco_net_test\poco\net\obj64\net\debug_static_mt\icmpsocketimpl.obj
d:\tusur_asper\poco_net_test\poco\net\obj64\net\debug_static_mt\ntlmcredentials.obj
d:\tusur_asper\poco_net_test\poco\net\obj64\net\debug_static_mt\rawsocketimpl.obj
d:\tusur_asper\poco_net_test\poco\net\obj64\net\debug_static_mt\sspintlmcredentials.obj
d:\tusur_asper\poco_net_test\poco\net\obj64\net\debug_static_mt\httpauthenticationparams.obj
d:\tusur_asper\poco_net_test\poco\net\obj64\net\debug_static_mt\httpiostream.obj
d:\tusur_asper\poco_net_test\poco\net\obj64\net\debug_static_mt\icmpclient.obj
d:\tusur_asper\poco_net_test\poco\net\obj64\net\debug_static_mt\messageheader.obj
d:\tusur_asper\poco_net_test\poco\net\obj64\net\debug_static_mt\partsource.obj
d:\tusur_asper\poco_net_test\poco\net\obj64\net\debug_static_mt\socket.obj
d:\tusur_asper\poco_net_test\poco\net\obj64\net\debug_static_mt\tcpserverconnectionfactory.obj
d:\tusur_asper\poco_net_test\poco\lib64\poconetmtd.lib
d:\tusur_asper\poco_net_test\poco\net\obj64\net\debug_static_mt\net.tlog\cl.command.1.tlog
d:\tusur_asper\poco_net_test\poco\net\obj64\net\debug_static_mt\net.tlog\cl.items.tlog
d:\tusur_asper\poco_net_test\poco\net\obj64\net\debug_static_mt\net.tlog\cl.read.1.tlog
d:\tusur_asper\poco_net_test\poco\net\obj64\net\debug_static_mt\net.tlog\cl.write.1.tlog
d:\tusur_asper\poco_net_test\poco\net\obj64\net\debug_static_mt\net.tlog\lib-link.read.1.tlog
d:\tusur_asper\poco_net_test\poco\net\obj64\net\debug_static_mt\net.tlog\lib-link.write.1.tlog
d:\tusur_asper\poco_net_test\poco\net\obj64\net\debug_static_mt\net.tlog\lib.command.1.tlog
