  Performing Custom Build Tools
  MC: Compiling D:\TUSUR_ASPER\POCO_NET_TEST\POCO\Foundation\src\pocomsg.mc
  AbstractObserver.cpp
  ActiveDispatcher.cpp
  ArchiveStrategy.cpp
  Ascii.cpp
  ASCIIEncoding.cpp
  AsyncChannel.cpp
  AsyncNotificationCenter.cpp
  AtomicCounter.cpp
  Base32Decoder.cpp
  Base32Encoder.cpp
  Base64Decoder.cpp
  Base64Encoder.cpp
  BinaryReader.cpp
  BinaryWriter.cpp
  Bugcheck.cpp
  Channel.cpp
  Checksum.cpp
  Clock.cpp
  Condition.cpp
  Configurable.cpp
  ConsoleChannel.cpp
  CountingStream.cpp
  DataURIStream.cpp
  DataURIStreamFactory.cpp
  DateTime.cpp
  DateTimeFormat.cpp
  DateTimeFormatter.cpp
  DateTimeParser.cpp
  Debugger.cpp
  DeflatingStream.cpp
  DigestEngine.cpp
  DigestStream.cpp
  DirectoryIterator.cpp
  DirectoryIteratorStrategy.cpp
  DirectoryWatcher.cpp
  Environment.cpp
  Error.cpp
  ErrorHandler.cpp
  Event.cpp
  EventArgs.cpp
  EventChannel.cpp
  EventLogChannel.cpp
  Exception.cpp
  FIFOBufferStream.cpp
  File.cpp
  FileChannel.cpp
  FileStream.cpp
  FileStreamFactory.cpp
  Format.cpp
  Formatter.cpp
  FormattingChannel.cpp
  FPEnvironment.cpp
  Glob.cpp
  Hash.cpp
  HashStatistic.cpp
  HexBinaryDecoder.cpp
  HexBinaryEncoder.cpp
  InflatingStream.cpp
  JSONFormatter.cpp
  JSONString.cpp
  Latin1Encoding.cpp
  Latin2Encoding.cpp
  Latin9Encoding.cpp
  LineEndingConverter.cpp
  LocalDateTime.cpp
  LogFile.cpp
  Logger.cpp
  LoggingFactory.cpp
  LoggingRegistry.cpp
  LogStream.cpp
  Manifest.cpp
  MD4Engine.cpp
  MD5Engine.cpp
  MemoryPool.cpp
  MemoryStream.cpp
  Message.cpp
  Mutex.cpp
  NamedEvent.cpp
  BufferedBidirectionalStreamBuf.cpp
  BufferedStreamBuf.cpp
  UnbufferedStreamBuf.cpp
  FileStreamRWLock.cpp
  NamedMutex.cpp
  NestedDiagnosticContext.cpp
  Notification.cpp
  NotificationCenter.cpp
  NotificationQueue.cpp
  NullChannel.cpp
  NullStream.cpp
  NumberFormatter.cpp
  NumberParser.cpp
  NumericString.cpp
  Path.cpp
  PatternFormatter.cpp
  PIDFile.cpp
  Pipe.cpp
  PipeImpl.cpp
  PipeStream.cpp
  PriorityNotificationQueue.cpp
  Process.cpp
  ProcessRunner.cpp
  PurgeStrategy.cpp
  Random.cpp
  RandomStream.cpp
  RefCountedObject.cpp
  RegularExpression.cpp
  RotateStrategy.cpp
  Runnable.cpp
  RWLock.cpp
  Semaphore.cpp
  SHA1Engine.cpp
  SHA2Engine.cpp
  SharedLibrary.cpp
  SharedMemory.cpp
  SimpleFileChannel.cpp
  SortedDirectoryIterator.cpp
  SplitterChannel.cpp
  Stopwatch.cpp
  StreamChannel.cpp
  StreamConverter.cpp
  StreamCopier.cpp
  StreamTokenizer.cpp
  StringTokenizer.cpp
  SynchronizedObject.cpp
  Task.cpp
  TaskManager.cpp
  TaskNotification.cpp
  TeeStream.cpp
  TemporaryFile.cpp
  TextBufferIterator.cpp
  TextConverter.cpp
  TextEncoding.cpp
  TextIterator.cpp
  Thread.cpp
  ThreadLocal.cpp
  ThreadPool.cpp
  ActiveThreadPool.cpp
  ThreadTarget.cpp
  TimedNotificationQueue.cpp
  Timer.cpp
  Timespan.cpp
  Timestamp.cpp
  Timezone.cpp
  Token.cpp
  Unicode.cpp
  UnicodeConverter.cpp
  URI.cpp
  URIStreamFactory.cpp
  URIStreamOpener.cpp
  UTF16Encoding.cpp
  UTF32Encoding.cpp
  UTF8Encoding.cpp
  UTF8String.cpp
  UUID.cpp
  UUIDGenerator.cpp
  Var.cpp
  VarHolder.cpp
  VarIterator.cpp
  VarVisitor.cpp
  Void.cpp
  Windows1250Encoding.cpp
  Windows1251Encoding.cpp
  Windows1252Encoding.cpp
  WindowsConsoleChannel.cpp
  adler32.c
  compress.c
  crc32.c
  deflate.c
  infback.c
  inffast.c
  inflate.c
  inftrees.c
  pcre2_auto_possess.c
  pcre2_chartables.c
  pcre2_chkdint.c
  pcre2_compile.c
  pcre2_config.c
  pcre2_context.c
  pcre2_convert.c
  pcre2_dfa_match.c
  pcre2_error.c
  pcre2_extuni.c
  pcre2_find_bracket.c
  pcre2_jit_compile.c
  pcre2_maketables.c
  pcre2_match.c
  pcre2_match_data.c
  pcre2_newline.c
  pcre2_ord2utf.c
  pcre2_pattern_info.c
  pcre2_script_run.c
  pcre2_serialize.c
  pcre2_string_utils.c
  pcre2_study.c
  pcre2_substitute.c
  pcre2_substring.c
  pcre2_tables.c
  pcre2_ucd.c
  pcre2_valid_utf.c
  pcre2_xclass.c
  trees.c
  utf8proc.c
  zutil.c
  Foundation_vs170.vcxproj -> D:\TUSUR_ASPER\POCO_NET_TEST\POCO\lib64\PocoFoundationmtd.lib
