d:\tusur_asper\poco_net_test\poco\foundation\obj64\foundation\debug_static_mt\pcre2_context.obj
d:\tusur_asper\poco_net_test\poco\foundation\obj64\foundation\debug_static_mt\pcre2_script_run.obj
d:\tusur_asper\poco_net_test\poco\foundation\obj64\foundation\debug_static_mt\compress.obj
d:\tusur_asper\poco_net_test\poco\foundation\obj64\foundation\debug_static_mt\pcre2_find_bracket.obj
d:\tusur_asper\poco_net_test\poco\foundation\obj64\foundation\debug_static_mt\pcre2_substitute.obj
d:\tusur_asper\poco_net_test\poco\foundation\obj64\foundation\debug_static_mt\inftrees.obj
d:\tusur_asper\poco_net_test\poco\foundation\obj64\foundation\debug_static_mt\pcre2_maketables.obj
d:\tusur_asper\poco_net_test\poco\foundation\obj64\foundation\debug_static_mt\pcre2_xclass.obj
d:\tusur_asper\poco_net_test\poco\foundation\obj64\foundation\debug_static_mt\deflate.obj
d:\tusur_asper\poco_net_test\poco\foundation\obj64\foundation\debug_static_mt\pcre2_ord2utf.obj
d:\tusur_asper\poco_net_test\poco\foundation\obj64\foundation\debug_static_mt\zutil.obj
d:\tusur_asper\poco_net_test\poco\foundation\obj64\foundation\debug_static_mt\pcre2_compile.obj
d:\tusur_asper\poco_net_test\poco\foundation\obj64\foundation\debug_static_mt\pcre2_valid_utf.obj
d:\tusur_asper\poco_net_test\poco\foundation\obj64\foundation\debug_static_mt\pcre2_auto_possess.obj
d:\tusur_asper\poco_net_test\poco\foundation\obj64\foundation\debug_static_mt\pcre2_study.obj
d:\tusur_asper\poco_net_test\poco\foundation\obj64\foundation\debug_static_mt\inflate.obj
d:\tusur_asper\poco_net_test\poco\foundation\obj64\foundation\debug_static_mt\pcre2_serialize.obj
d:\tusur_asper\poco_net_test\poco\foundation\obj64\foundation\debug_static_mt\crc32.obj
d:\tusur_asper\poco_net_test\poco\foundation\obj64\foundation\debug_static_mt\pcre2_extuni.obj
d:\tusur_asper\poco_net_test\poco\foundation\obj64\foundation\debug_static_mt\pcre2_tables.obj
d:\tusur_asper\poco_net_test\poco\foundation\obj64\foundation\debug_static_mt\pcre2_chartables.obj
d:\tusur_asper\poco_net_test\poco\foundation\obj64\foundation\debug_static_mt\pcre2_match_data.obj
d:\tusur_asper\poco_net_test\poco\foundation\obj64\foundation\debug_static_mt\trees.obj
d:\tusur_asper\poco_net_test\poco\foundation\obj64\foundation\debug_static_mt\pcre2_dfa_match.obj
d:\tusur_asper\poco_net_test\poco\foundation\obj64\foundation\debug_static_mt\pcre2_config.obj
d:\tusur_asper\poco_net_test\poco\foundation\obj64\foundation\debug_static_mt\pcre2_pattern_info.obj
d:\tusur_asper\poco_net_test\poco\foundation\obj64\foundation\debug_static_mt\utf8proc.obj
d:\tusur_asper\poco_net_test\poco\foundation\obj64\foundation\debug_static_mt\adler32.obj
d:\tusur_asper\poco_net_test\poco\foundation\obj64\foundation\debug_static_mt\pcre2_error.obj
d:\tusur_asper\poco_net_test\poco\foundation\obj64\foundation\debug_static_mt\pcre2_substring.obj
d:\tusur_asper\poco_net_test\poco\foundation\obj64\foundation\debug_static_mt\infback.obj
d:\tusur_asper\poco_net_test\poco\foundation\obj64\foundation\debug_static_mt\pcre2_match.obj
d:\tusur_asper\poco_net_test\poco\foundation\obj64\foundation\debug_static_mt\pcre2_convert.obj
d:\tusur_asper\poco_net_test\poco\foundation\obj64\foundation\debug_static_mt\pcre2_string_utils.obj
d:\tusur_asper\poco_net_test\poco\foundation\obj64\foundation\debug_static_mt\pcre2_chkdint.obj
d:\tusur_asper\poco_net_test\poco\foundation\obj64\foundation\debug_static_mt\pcre2_newline.obj
d:\tusur_asper\poco_net_test\poco\foundation\obj64\foundation\debug_static_mt\inffast.obj
d:\tusur_asper\poco_net_test\poco\foundation\obj64\foundation\debug_static_mt\pcre2_jit_compile.obj
d:\tusur_asper\poco_net_test\poco\foundation\obj64\foundation\debug_static_mt\pcre2_ucd.obj
d:\tusur_asper\poco_net_test\poco\foundation\obj64\foundation\debug_static_mt\base64encoder.obj
d:\tusur_asper\poco_net_test\poco\foundation\obj64\foundation\debug_static_mt\datauristream.obj
d:\tusur_asper\poco_net_test\poco\foundation\obj64\foundation\debug_static_mt\eventlogchannel.obj
d:\tusur_asper\poco_net_test\poco\foundation\obj64\foundation\debug_static_mt\jsonstring.obj
d:\tusur_asper\poco_net_test\poco\foundation\obj64\foundation\debug_static_mt\message.obj
d:\tusur_asper\poco_net_test\poco\foundation\obj64\foundation\debug_static_mt\pipeimpl.obj
d:\tusur_asper\poco_net_test\poco\foundation\obj64\foundation\debug_static_mt\sharedmemory.obj
d:\tusur_asper\poco_net_test\poco\foundation\obj64\foundation\debug_static_mt\temporaryfile.obj
d:\tusur_asper\poco_net_test\poco\foundation\obj64\foundation\debug_static_mt\uristreamfactory.obj
d:\tusur_asper\poco_net_test\poco\foundation\obj64\foundation\debug_static_mt\windowsconsolechannel.obj
d:\tusur_asper\poco_net_test\poco\foundation\obj64\foundation\debug_static_mt\ascii.obj
d:\tusur_asper\poco_net_test\poco\foundation\obj64\foundation\debug_static_mt\checksum.obj
d:\tusur_asper\poco_net_test\poco\foundation\obj64\foundation\debug_static_mt\directoryiterator.obj
d:\tusur_asper\poco_net_test\poco\foundation\obj64\foundation\debug_static_mt\format.obj
d:\tusur_asper\poco_net_test\poco\foundation\obj64\foundation\debug_static_mt\lineendingconverter.obj
d:\tusur_asper\poco_net_test\poco\foundation\obj64\foundation\debug_static_mt\mutex.obj
d:\tusur_asper\poco_net_test\poco\foundation\obj64\foundation\debug_static_mt\numberparser.obj
d:\tusur_asper\poco_net_test\poco\foundation\obj64\foundation\debug_static_mt\rotatestrategy.obj
d:\tusur_asper\poco_net_test\poco\foundation\obj64\foundation\debug_static_mt\synchronizedobject.obj
d:\tusur_asper\poco_net_test\poco\foundation\obj64\foundation\debug_static_mt\threadpool.obj
d:\tusur_asper\poco_net_test\poco\foundation\obj64\foundation\debug_static_mt\var.obj
d:\tusur_asper\poco_net_test\poco\foundation\obj64\foundation\debug_static_mt\atomiccounter.obj
d:\tusur_asper\poco_net_test\poco\foundation\obj64\foundation\debug_static_mt\consolechannel.obj
d:\tusur_asper\poco_net_test\poco\foundation\obj64\foundation\debug_static_mt\error.obj
d:\tusur_asper\poco_net_test\poco\foundation\obj64\foundation\debug_static_mt\formattingchannel.obj
d:\tusur_asper\poco_net_test\poco\foundation\obj64\foundation\debug_static_mt\logger.obj
d:\tusur_asper\poco_net_test\poco\foundation\obj64\foundation\debug_static_mt\namedmutex.obj
d:\tusur_asper\poco_net_test\poco\foundation\obj64\foundation\debug_static_mt\patternformatter.obj
d:\tusur_asper\poco_net_test\poco\foundation\obj64\foundation\debug_static_mt\semaphore.obj
d:\tusur_asper\poco_net_test\poco\foundation\obj64\foundation\debug_static_mt\task.obj
d:\tusur_asper\poco_net_test\poco\foundation\obj64\foundation\debug_static_mt\timespan.obj
d:\tusur_asper\poco_net_test\poco\foundation\obj64\foundation\debug_static_mt\varholder.obj
d:\tusur_asper\poco_net_test\poco\foundation\obj64\foundation\debug_static_mt\binarywriter.obj
d:\tusur_asper\poco_net_test\poco\foundation\obj64\foundation\debug_static_mt\datetime.obj
d:\tusur_asper\poco_net_test\poco\foundation\obj64\foundation\debug_static_mt\file.obj
d:\tusur_asper\poco_net_test\poco\foundation\obj64\foundation\debug_static_mt\latin9encoding.obj
d:\tusur_asper\poco_net_test\poco\foundation\obj64\foundation\debug_static_mt\bufferedstreambuf.obj
d:\tusur_asper\poco_net_test\poco\foundation\obj64\foundation\debug_static_mt\pidfile.obj
d:\tusur_asper\poco_net_test\poco\foundation\obj64\foundation\debug_static_mt\sharedlibrary.obj
d:\tusur_asper\poco_net_test\poco\foundation\obj64\foundation\debug_static_mt\textbufferiterator.obj
d:\tusur_asper\poco_net_test\poco\foundation\obj64\foundation\debug_static_mt\unicode.obj
d:\tusur_asper\poco_net_test\poco\foundation\obj64\foundation\debug_static_mt\windows1251encoding.obj
d:\tusur_asper\poco_net_test\poco\foundation\obj64\foundation\debug_static_mt\asciiencoding.obj
d:\tusur_asper\poco_net_test\poco\foundation\obj64\foundation\debug_static_mt\condition.obj
d:\tusur_asper\poco_net_test\poco\foundation\obj64\foundation\debug_static_mt\directorywatcher.obj
d:\tusur_asper\poco_net_test\poco\foundation\obj64\foundation\debug_static_mt\hashstatistic.obj
d:\tusur_asper\poco_net_test\poco\foundation\obj64\foundation\debug_static_mt\logstream.obj
d:\tusur_asper\poco_net_test\poco\foundation\obj64\foundation\debug_static_mt\nesteddiagnosticcontext.obj
d:\tusur_asper\poco_net_test\poco\foundation\obj64\foundation\debug_static_mt\pipe.obj
d:\tusur_asper\poco_net_test\poco\foundation\obj64\foundation\debug_static_mt\rwlock.obj
d:\tusur_asper\poco_net_test\poco\foundation\obj64\foundation\debug_static_mt\stringtokenizer.obj
d:\tusur_asper\poco_net_test\poco\foundation\obj64\foundation\debug_static_mt\timer.obj
d:\tusur_asper\poco_net_test\poco\foundation\obj64\foundation\debug_static_mt\utf8string.obj
d:\tusur_asper\poco_net_test\poco\foundation\obj64\foundation\debug_static_mt\binaryreader.obj
d:\tusur_asper\poco_net_test\poco\foundation\obj64\foundation\debug_static_mt\datetimeformatter.obj
d:\tusur_asper\poco_net_test\poco\foundation\obj64\foundation\debug_static_mt\exception.obj
d:\tusur_asper\poco_net_test\poco\foundation\obj64\foundation\debug_static_mt\hexbinarydecoder.obj
d:\tusur_asper\poco_net_test\poco\foundation\obj64\foundation\debug_static_mt\manifest.obj
d:\tusur_asper\poco_net_test\poco\foundation\obj64\foundation\debug_static_mt\notification.obj
d:\tusur_asper\poco_net_test\poco\foundation\obj64\foundation\debug_static_mt\pipestream.obj
d:\tusur_asper\poco_net_test\poco\foundation\obj64\foundation\debug_static_mt\sha1engine.obj
d:\tusur_asper\poco_net_test\poco\foundation\obj64\foundation\debug_static_mt\tasknotification.obj
d:\tusur_asper\poco_net_test\poco\foundation\obj64\foundation\debug_static_mt\timestamp.obj
d:\tusur_asper\poco_net_test\poco\foundation\obj64\foundation\debug_static_mt\variterator.obj
d:\tusur_asper\poco_net_test\poco\foundation\obj64\foundation\debug_static_mt\base64decoder.obj
d:\tusur_asper\poco_net_test\poco\foundation\obj64\foundation\debug_static_mt\datetimeformat.obj
d:\tusur_asper\poco_net_test\poco\foundation\obj64\foundation\debug_static_mt\filestreamfactory.obj
d:\tusur_asper\poco_net_test\poco\foundation\obj64\foundation\debug_static_mt\jsonformatter.obj
d:\tusur_asper\poco_net_test\poco\foundation\obj64\foundation\debug_static_mt\bufferedbidirectionalstreambuf.obj
d:\tusur_asper\poco_net_test\poco\foundation\obj64\foundation\debug_static_mt\process.obj
d:\tusur_asper\poco_net_test\poco\foundation\obj64\foundation\debug_static_mt\stopwatch.obj
d:\tusur_asper\poco_net_test\poco\foundation\obj64\foundation\debug_static_mt\textencoding.obj
d:\tusur_asper\poco_net_test\poco\foundation\obj64\foundation\debug_static_mt\uristreamopener.obj
d:\tusur_asper\poco_net_test\poco\foundation\obj64\foundation\debug_static_mt\abstractobserver.obj
d:\tusur_asper\poco_net_test\poco\foundation\obj64\foundation\debug_static_mt\clock.obj
d:\tusur_asper\poco_net_test\poco\foundation\obj64\foundation\debug_static_mt\directoryiteratorstrategy.obj
d:\tusur_asper\poco_net_test\poco\foundation\obj64\foundation\debug_static_mt\formatter.obj
d:\tusur_asper\poco_net_test\poco\foundation\obj64\foundation\debug_static_mt\latin1encoding.obj
d:\tusur_asper\poco_net_test\poco\foundation\obj64\foundation\debug_static_mt\memorystream.obj
d:\tusur_asper\poco_net_test\poco\foundation\obj64\foundation\debug_static_mt\numberformatter.obj
d:\tusur_asper\poco_net_test\poco\foundation\obj64\foundation\debug_static_mt\regularexpression.obj
d:\tusur_asper\poco_net_test\poco\foundation\obj64\foundation\debug_static_mt\streamtokenizer.obj
d:\tusur_asper\poco_net_test\poco\foundation\obj64\foundation\debug_static_mt\threadlocal.obj
d:\tusur_asper\poco_net_test\poco\foundation\obj64\foundation\debug_static_mt\utf16encoding.obj
d:\tusur_asper\poco_net_test\poco\foundation\obj64\foundation\debug_static_mt\base32decoder.obj
d:\tusur_asper\poco_net_test\poco\foundation\obj64\foundation\debug_static_mt\countingstream.obj
d:\tusur_asper\poco_net_test\poco\foundation\obj64\foundation\debug_static_mt\environment.obj
d:\tusur_asper\poco_net_test\poco\foundation\obj64\foundation\debug_static_mt\glob.obj
d:\tusur_asper\poco_net_test\poco\foundation\obj64\foundation\debug_static_mt\loggingfactory.obj
d:\tusur_asper\poco_net_test\poco\foundation\obj64\foundation\debug_static_mt\notificationqueue.obj
d:\tusur_asper\poco_net_test\poco\foundation\obj64\foundation\debug_static_mt\random.obj
d:\tusur_asper\poco_net_test\poco\foundation\obj64\foundation\debug_static_mt\sorteddirectoryiterator.obj
d:\tusur_asper\poco_net_test\poco\foundation\obj64\foundation\debug_static_mt\textconverter.obj
d:\tusur_asper\poco_net_test\poco\foundation\obj64\foundation\debug_static_mt\unicodeconverter.obj
d:\tusur_asper\poco_net_test\poco\foundation\obj64\foundation\debug_static_mt\windows1250encoding.obj
d:\tusur_asper\poco_net_test\poco\foundation\obj64\foundation\debug_static_mt\archivestrategy.obj
d:\tusur_asper\poco_net_test\poco\foundation\obj64\foundation\debug_static_mt\deflatingstream.obj
d:\tusur_asper\poco_net_test\poco\foundation\obj64\foundation\debug_static_mt\eventargs.obj
d:\tusur_asper\poco_net_test\poco\foundation\obj64\foundation\debug_static_mt\fpenvironment.obj
d:\tusur_asper\poco_net_test\poco\foundation\obj64\foundation\debug_static_mt\localdatetime.obj
d:\tusur_asper\poco_net_test\poco\foundation\obj64\foundation\debug_static_mt\namedevent.obj
d:\tusur_asper\poco_net_test\poco\foundation\obj64\foundation\debug_static_mt\numericstring.obj
d:\tusur_asper\poco_net_test\poco\foundation\obj64\foundation\debug_static_mt\runnable.obj
d:\tusur_asper\poco_net_test\poco\foundation\obj64\foundation\debug_static_mt\taskmanager.obj
d:\tusur_asper\poco_net_test\poco\foundation\obj64\foundation\debug_static_mt\timezone.obj
d:\tusur_asper\poco_net_test\poco\foundation\obj64\foundation\debug_static_mt\uuidgenerator.obj
d:\tusur_asper\poco_net_test\poco\foundation\obj64\foundation\debug_static_mt\activedispatcher.obj
d:\tusur_asper\poco_net_test\poco\foundation\obj64\foundation\debug_static_mt\datetimeparser.obj
d:\tusur_asper\poco_net_test\poco\foundation\obj64\foundation\debug_static_mt\eventchannel.obj
d:\tusur_asper\poco_net_test\poco\foundation\obj64\foundation\debug_static_mt\hexbinaryencoder.obj
d:\tusur_asper\poco_net_test\poco\foundation\obj64\foundation\debug_static_mt\md4engine.obj
d:\tusur_asper\poco_net_test\poco\foundation\obj64\foundation\debug_static_mt\notificationcenter.obj
d:\tusur_asper\poco_net_test\poco\foundation\obj64\foundation\debug_static_mt\processrunner.obj
d:\tusur_asper\poco_net_test\poco\foundation\obj64\foundation\debug_static_mt\streamchannel.obj
d:\tusur_asper\poco_net_test\poco\foundation\obj64\foundation\debug_static_mt\textiterator.obj
d:\tusur_asper\poco_net_test\poco\foundation\obj64\foundation\debug_static_mt\uri.obj
d:\tusur_asper\poco_net_test\poco\foundation\obj64\foundation\debug_static_mt\windows1252encoding.obj
d:\tusur_asper\poco_net_test\poco\foundation\obj64\foundation\debug_static_mt\channel.obj
d:\tusur_asper\poco_net_test\poco\foundation\obj64\foundation\debug_static_mt\datauristreamfactory.obj
d:\tusur_asper\poco_net_test\poco\foundation\obj64\foundation\debug_static_mt\event.obj
d:\tusur_asper\poco_net_test\poco\foundation\obj64\foundation\debug_static_mt\hash.obj
d:\tusur_asper\poco_net_test\poco\foundation\obj64\foundation\debug_static_mt\md5engine.obj
d:\tusur_asper\poco_net_test\poco\foundation\obj64\foundation\debug_static_mt\nullchannel.obj
d:\tusur_asper\poco_net_test\poco\foundation\obj64\foundation\debug_static_mt\refcountedobject.obj
d:\tusur_asper\poco_net_test\poco\foundation\obj64\foundation\debug_static_mt\streamconverter.obj
d:\tusur_asper\poco_net_test\poco\foundation\obj64\foundation\debug_static_mt\threadtarget.obj
d:\tusur_asper\poco_net_test\poco\foundation\obj64\foundation\debug_static_mt\utf32encoding.obj
d:\tusur_asper\poco_net_test\poco\foundation\obj64\foundation\debug_static_mt\bugcheck.obj
d:\tusur_asper\poco_net_test\poco\foundation\obj64\foundation\debug_static_mt\debugger.obj
d:\tusur_asper\poco_net_test\poco\foundation\obj64\foundation\debug_static_mt\fifobufferstream.obj
d:\tusur_asper\poco_net_test\poco\foundation\obj64\foundation\debug_static_mt\logfile.obj
d:\tusur_asper\poco_net_test\poco\foundation\obj64\foundation\debug_static_mt\filestreamrwlock.obj
d:\tusur_asper\poco_net_test\poco\foundation\obj64\foundation\debug_static_mt\purgestrategy.obj
d:\tusur_asper\poco_net_test\poco\foundation\obj64\foundation\debug_static_mt\splitterchannel.obj
d:\tusur_asper\poco_net_test\poco\foundation\obj64\foundation\debug_static_mt\activethreadpool.obj
d:\tusur_asper\poco_net_test\poco\foundation\obj64\foundation\debug_static_mt\varvisitor.obj
d:\tusur_asper\poco_net_test\poco\foundation\obj64\foundation\debug_static_mt\asyncnotificationcenter.obj
d:\tusur_asper\poco_net_test\poco\foundation\obj64\foundation\debug_static_mt\digestengine.obj
d:\tusur_asper\poco_net_test\poco\foundation\obj64\foundation\debug_static_mt\filestream.obj
d:\tusur_asper\poco_net_test\poco\foundation\obj64\foundation\debug_static_mt\latin2encoding.obj
d:\tusur_asper\poco_net_test\poco\foundation\obj64\foundation\debug_static_mt\unbufferedstreambuf.obj
d:\tusur_asper\poco_net_test\poco\foundation\obj64\foundation\debug_static_mt\prioritynotificationqueue.obj
d:\tusur_asper\poco_net_test\poco\foundation\obj64\foundation\debug_static_mt\simplefilechannel.obj
d:\tusur_asper\poco_net_test\poco\foundation\obj64\foundation\debug_static_mt\thread.obj
d:\tusur_asper\poco_net_test\poco\foundation\obj64\foundation\debug_static_mt\uuid.obj
d:\tusur_asper\poco_net_test\poco\foundation\obj64\foundation\debug_static_mt\asyncchannel.obj
d:\tusur_asper\poco_net_test\poco\foundation\obj64\foundation\debug_static_mt\digeststream.obj
d:\tusur_asper\poco_net_test\poco\foundation\obj64\foundation\debug_static_mt\filechannel.obj
d:\tusur_asper\poco_net_test\poco\foundation\obj64\foundation\debug_static_mt\loggingregistry.obj
d:\tusur_asper\poco_net_test\poco\foundation\obj64\foundation\debug_static_mt\nullstream.obj
d:\tusur_asper\poco_net_test\poco\foundation\obj64\foundation\debug_static_mt\randomstream.obj
d:\tusur_asper\poco_net_test\poco\foundation\obj64\foundation\debug_static_mt\streamcopier.obj
d:\tusur_asper\poco_net_test\poco\foundation\obj64\foundation\debug_static_mt\timednotificationqueue.obj
d:\tusur_asper\poco_net_test\poco\foundation\obj64\foundation\debug_static_mt\utf8encoding.obj
d:\tusur_asper\poco_net_test\poco\foundation\obj64\foundation\debug_static_mt\base32encoder.obj
d:\tusur_asper\poco_net_test\poco\foundation\obj64\foundation\debug_static_mt\configurable.obj
d:\tusur_asper\poco_net_test\poco\foundation\obj64\foundation\debug_static_mt\errorhandler.obj
d:\tusur_asper\poco_net_test\poco\foundation\obj64\foundation\debug_static_mt\inflatingstream.obj
d:\tusur_asper\poco_net_test\poco\foundation\obj64\foundation\debug_static_mt\memorypool.obj
d:\tusur_asper\poco_net_test\poco\foundation\obj64\foundation\debug_static_mt\path.obj
d:\tusur_asper\poco_net_test\poco\foundation\obj64\foundation\debug_static_mt\sha2engine.obj
d:\tusur_asper\poco_net_test\poco\foundation\obj64\foundation\debug_static_mt\teestream.obj
d:\tusur_asper\poco_net_test\poco\foundation\obj64\foundation\debug_static_mt\token.obj
d:\tusur_asper\poco_net_test\poco\foundation\obj64\foundation\debug_static_mt\void.obj
d:\tusur_asper\poco_net_test\poco\lib64\pocofoundationmtd.pdb
d:\tusur_asper\poco_net_test\poco\foundation\src\pocomsg.rc
d:\tusur_asper\poco_net_test\poco\foundation\src\pocomsg.h
d:\tusur_asper\poco_net_test\poco\lib64\pocofoundationmtd.lib
d:\tusur_asper\poco_net_test\poco\foundation\obj64\foundation\debug_static_mt\pocomsg.res
d:\tusur_asper\poco_net_test\poco\foundation\obj64\foundation\debug_static_mt\foundation.tlog\cl.13992.write.1.tlog
d:\tusur_asper\poco_net_test\poco\foundation\obj64\foundation\debug_static_mt\foundation.tlog\cl.command.1.tlog
d:\tusur_asper\poco_net_test\poco\foundation\obj64\foundation\debug_static_mt\foundation.tlog\cl.items.tlog
d:\tusur_asper\poco_net_test\poco\foundation\obj64\foundation\debug_static_mt\foundation.tlog\cl.read.1.tlog
d:\tusur_asper\poco_net_test\poco\foundation\obj64\foundation\debug_static_mt\foundation.tlog\custombuild.command.1.tlog
d:\tusur_asper\poco_net_test\poco\foundation\obj64\foundation\debug_static_mt\foundation.tlog\custombuild.read.1.tlog
d:\tusur_asper\poco_net_test\poco\foundation\obj64\foundation\debug_static_mt\foundation.tlog\custombuild.write.1.tlog
d:\tusur_asper\poco_net_test\poco\foundation\obj64\foundation\debug_static_mt\foundation.tlog\lib-link-cvtres.read.1.tlog
d:\tusur_asper\poco_net_test\poco\foundation\obj64\foundation\debug_static_mt\foundation.tlog\lib-link-cvtres.write.1.tlog
d:\tusur_asper\poco_net_test\poco\foundation\obj64\foundation\debug_static_mt\foundation.tlog\lib.command.1.tlog
d:\tusur_asper\poco_net_test\poco\foundation\obj64\foundation\debug_static_mt\foundation.tlog\rc.command.1.tlog
d:\tusur_asper\poco_net_test\poco\foundation\obj64\foundation\debug_static_mt\foundation.tlog\rc.read.1.tlog
d:\tusur_asper\poco_net_test\poco\foundation\obj64\foundation\debug_static_mt\foundation.tlog\rc.write.1.tlog
